<?xml version="1.0" encoding="UTF-8"?>
<!-- Generated by org.testng.reporters.JUnitXMLReporter -->
<testsuite hostname="LAPTOP-JVNL5G83" ignored="0" name="Test" tests="6" failures="0" timestamp="10 Sep 2020 19:15:11 GMT" time="22.426" errors="0">
  <testcase name="logoMethodTest" time="0.246" classname="com.qa.ParallelTest.test.BingTest"/>
  <testcase name="LogoDisplayTest" time="0.068" classname="com.qa.ParallelTest.test.GoogleTest"/>
  <testcase name="logoTest" time="0.084" classname="com.qa.ParallelTest.test.YahooTest"/>
  <testcase name="getitileTest" time="0.04" classname="com.qa.ParallelTest.test.BingTest"/>
  <testcase name="getTitleTest" time="0.017" classname="com.qa.ParallelTest.test.GoogleTest"/>
  <testcase name="titleTest" time="0.011" classname="com.qa.ParallelTest.test.YahooTest"/>
</testsuite> <!-- Test -->
