<?xml version="1.0" encoding="UTF-8"?>
<testng-results skipped="0" failed="0" ignored="0" total="6" passed="6">
  <reporter-output>
  </reporter-output>
  <suite name="Suite" duration-ms="22426" started-at="2020-09-10T19:14:49Z" finished-at="2020-09-10T19:15:11Z">
    <groups>
    </groups>
    <test name="Test" duration-ms="22426" started-at="2020-09-10T19:14:49Z" finished-at="2020-09-10T19:15:11Z">
      <class name="com.qa.ParallelTest.test.YahooTest">
        <test-method status="PASS" signature="setup()[pri:0, instance:com.qa.ParallelTest.test.YahooTest@6f7fd0e6]" name="setup" is-config="true" duration-ms="11227" started-at="2020-09-10T19:14:49Z" finished-at="2020-09-10T19:15:00Z">
          <reporter-output>
          </reporter-output>
        </test-method> <!-- setup -->
        <test-method status="PASS" signature="logoTest()[pri:1, instance:com.qa.ParallelTest.test.YahooTest@6f7fd0e6]" name="logoTest" duration-ms="84" started-at="2020-09-10T19:15:00Z" finished-at="2020-09-10T19:15:00Z">
          <reporter-output>
          </reporter-output>
        </test-method> <!-- logoTest -->
        <test-method status="PASS" signature="TearDown()[pri:0, instance:com.qa.ParallelTest.test.YahooTest@6f7fd0e6]" name="TearDown" is-config="true" duration-ms="788" started-at="2020-09-10T19:15:00Z" finished-at="2020-09-10T19:15:01Z">
          <reporter-output>
          </reporter-output>
        </test-method> <!-- TearDown -->
        <test-method status="PASS" signature="setup()[pri:0, instance:com.qa.ParallelTest.test.YahooTest@6f7fd0e6]" name="setup" is-config="true" duration-ms="9475" started-at="2020-09-10T19:15:01Z" finished-at="2020-09-10T19:15:10Z">
          <reporter-output>
          </reporter-output>
        </test-method> <!-- setup -->
        <test-method status="PASS" signature="titleTest()[pri:2, instance:com.qa.ParallelTest.test.YahooTest@6f7fd0e6]" name="titleTest" duration-ms="11" started-at="2020-09-10T19:15:10Z" finished-at="2020-09-10T19:15:10Z">
          <reporter-output>
          </reporter-output>
        </test-method> <!-- titleTest -->
        <test-method status="PASS" signature="TearDown()[pri:0, instance:com.qa.ParallelTest.test.YahooTest@6f7fd0e6]" name="TearDown" is-config="true" duration-ms="806" started-at="2020-09-10T19:15:10Z" finished-at="2020-09-10T19:15:11Z">
          <reporter-output>
          </reporter-output>
        </test-method> <!-- TearDown -->
      </class> <!-- com.qa.ParallelTest.test.YahooTest -->
      <class name="com.qa.ParallelTest.test.BingTest">
        <test-method status="PASS" signature="setup()[pri:0, instance:com.qa.ParallelTest.test.BingTest@27efef64]" name="setup" is-config="true" duration-ms="8241" started-at="2020-09-10T19:14:49Z" finished-at="2020-09-10T19:14:57Z">
          <reporter-output>
          </reporter-output>
        </test-method> <!-- setup -->
        <test-method status="PASS" signature="logoMethodTest()[pri:1, instance:com.qa.ParallelTest.test.BingTest@27efef64]" name="logoMethodTest" duration-ms="246" started-at="2020-09-10T19:14:57Z" finished-at="2020-09-10T19:14:57Z">
          <reporter-output>
          </reporter-output>
        </test-method> <!-- logoMethodTest -->
        <test-method status="PASS" signature="TearDown()[pri:0, instance:com.qa.ParallelTest.test.BingTest@27efef64]" name="TearDown" is-config="true" duration-ms="2571" started-at="2020-09-10T19:14:57Z" finished-at="2020-09-10T19:15:00Z">
          <reporter-output>
          </reporter-output>
        </test-method> <!-- TearDown -->
        <test-method status="PASS" signature="setup()[pri:0, instance:com.qa.ParallelTest.test.BingTest@27efef64]" name="setup" is-config="true" duration-ms="7165" started-at="2020-09-10T19:15:01Z" finished-at="2020-09-10T19:15:08Z">
          <reporter-output>
          </reporter-output>
        </test-method> <!-- setup -->
        <test-method status="PASS" signature="getitileTest()[pri:2, instance:com.qa.ParallelTest.test.BingTest@27efef64]" name="getitileTest" duration-ms="40" started-at="2020-09-10T19:15:08Z" finished-at="2020-09-10T19:15:08Z">
          <reporter-output>
          </reporter-output>
        </test-method> <!-- getitileTest -->
        <test-method status="PASS" signature="TearDown()[pri:0, instance:com.qa.ParallelTest.test.BingTest@27efef64]" name="TearDown" is-config="true" duration-ms="969" started-at="2020-09-10T19:15:08Z" finished-at="2020-09-10T19:15:09Z">
          <reporter-output>
          </reporter-output>
        </test-method> <!-- TearDown -->
      </class> <!-- com.qa.ParallelTest.test.BingTest -->
      <class name="com.qa.ParallelTest.test.GoogleTest">
        <test-method status="PASS" signature="setup()[pri:0, instance:com.qa.ParallelTest.test.GoogleTest@59f99ea]" name="setup" is-config="true" duration-ms="9558" started-at="2020-09-10T19:14:49Z" finished-at="2020-09-10T19:14:58Z">
          <reporter-output>
          </reporter-output>
        </test-method> <!-- setup -->
        <test-method status="PASS" signature="LogoDisplayTest()[pri:1, instance:com.qa.ParallelTest.test.GoogleTest@59f99ea]" name="LogoDisplayTest" duration-ms="68" started-at="2020-09-10T19:14:58Z" finished-at="2020-09-10T19:14:58Z">
          <reporter-output>
          </reporter-output>
        </test-method> <!-- LogoDisplayTest -->
        <test-method status="PASS" signature="TearDown()[pri:0, instance:com.qa.ParallelTest.test.GoogleTest@59f99ea]" name="TearDown" is-config="true" duration-ms="1094" started-at="2020-09-10T19:14:58Z" finished-at="2020-09-10T19:14:59Z">
          <reporter-output>
          </reporter-output>
        </test-method> <!-- TearDown -->
        <test-method status="PASS" signature="setup()[pri:0, instance:com.qa.ParallelTest.test.GoogleTest@59f99ea]" name="setup" is-config="true" duration-ms="7806" started-at="2020-09-10T19:15:01Z" finished-at="2020-09-10T19:15:09Z">
          <reporter-output>
          </reporter-output>
        </test-method> <!-- setup -->
        <test-method status="PASS" signature="getTitleTest()[pri:2, instance:com.qa.ParallelTest.test.GoogleTest@59f99ea]" name="getTitleTest" duration-ms="17" started-at="2020-09-10T19:15:09Z" finished-at="2020-09-10T19:15:09Z">
          <reporter-output>
          </reporter-output>
        </test-method> <!-- getTitleTest -->
        <test-method status="PASS" signature="TearDown()[pri:0, instance:com.qa.ParallelTest.test.GoogleTest@59f99ea]" name="TearDown" is-config="true" duration-ms="884" started-at="2020-09-10T19:15:09Z" finished-at="2020-09-10T19:15:09Z">
          <reporter-output>
          </reporter-output>
        </test-method> <!-- TearDown -->
      </class> <!-- com.qa.ParallelTest.test.GoogleTest -->
    </test> <!-- Test -->
  </suite> <!-- Suite -->
</testng-results>
